2018-08-14 18:21:16 - Starting E:\Service\nginx-1.11.5\nginx.exe  -p E:\Service\nginx-1.11.5 
2018-08-14 18:21:16 - Started 13284
2018-08-14 18:23:51 - Stopping nginx
2018-08-14 18:23:51 - Started 10832
2018-08-14 18:23:51 - WaitForProcessToExit 13284+10832
2018-08-15 08:54:42 - Starting E:\Service\nginx-1.11.5\nginx.exe  -p E:\Service\nginx-1.11.5 
2018-08-15 08:54:42 - Started 12144
2018-08-16 18:32:54 - Stopping nginx
2018-08-16 18:32:58 - Started 6476
2018-08-16 18:32:58 - WaitForProcessToExit 12144+6476
2018-08-17 08:32:15 - Starting E:\Service\nginx-1.11.5\nginx.exe  -p E:\Service\nginx-1.11.5 
2018-08-17 08:32:16 - Started 8
2018-09-05 10:39:33 - Stopping nginx
2018-09-05 10:39:38 - Started 14688
2018-09-05 10:39:38 - WaitForProcessToExit 8+14688
2018-09-05 10:41:40 - Starting E:\Service\nginx-1.11.5\nginx.exe  -p E:\Service\nginx-1.11.5 
2018-09-05 10:41:41 - Started 8008
2018-09-13 18:40:17 - Stopping nginx
2018-09-13 18:40:22 - Started 13516
2018-09-13 18:40:22 - WaitForProcessToExit 8008+13516
2018-09-14 10:44:36 - Starting E:\Service\nginx-1.11.5\nginx.exe  -p E:\Service\nginx-1.11.5 
2018-09-14 10:44:36 - Started 11516
2018-09-15 14:51:40 - Stopping nginx
2018-09-15 14:51:40 - Started 20468
2018-09-15 14:51:40 - WaitForProcessToExit 11516+20468
2018-09-15 17:35:08 - Starting E:\Service\nginx-1.11.5\nginx.exe  -p E:\Service\nginx-1.11.5 
2018-09-15 17:35:09 - Started 6872
2018-09-18 16:17:05 - Stopping nginx
2018-09-18 16:17:05 - Started 14872
2018-09-18 16:17:05 - WaitForProcessToExit 6872+14872
2018-09-18 16:21:45 - Starting E:\Service\nginx-1.11.5\nginx.exe  -p E:\Service\nginx-1.11.5 
2018-09-18 16:21:49 - Started 7616
2018-09-18 16:37:51 - Stopping nginx
2018-09-18 16:37:51 - Started 13820
2018-09-18 16:37:51 - WaitForProcessToExit 7616+13820
2018-09-18 16:42:55 - Starting E:\Service\nginx-1.11.5\nginx.exe  -p E:\Service\nginx-1.11.5 
2018-09-18 16:42:57 - Started 7736
2018-09-19 09:05:11 - Stopping nginx
2018-09-19 09:05:11 - Started 8868
2018-09-19 09:05:11 - WaitForProcessToExit 7736+8868
2018-09-19 09:06:23 - Starting E:\Service\nginx-1.11.5\nginx.exe  -p E:\Service\nginx-1.11.5 
2018-09-19 09:06:24 - Started 6368
2018-09-19 11:32:50 - Stopping nginx
2018-09-19 11:32:50 - Started 6540
2018-09-19 11:32:50 - WaitForProcessToExit 6368+6540
2018-09-19 11:34:14 - Starting E:\Service\nginx-1.11.5\nginx.exe  -p E:\Service\nginx-1.11.5 
2018-09-19 11:34:15 - Started 6312
2018-09-19 11:57:37 - Stopping nginx
2018-09-19 11:57:37 - Started 11364
2018-09-19 11:57:37 - WaitForProcessToExit 6312+11364
2018-09-19 12:02:56 - Starting E:\Service\nginx-1.11.5\nginx.exe  -p E:\Service\nginx-1.11.5 
2018-09-19 12:02:58 - Started 6628
2018-09-19 12:46:30 - Stopping nginx
2018-09-19 12:46:30 - Started 4496
2018-09-19 12:46:30 - WaitForProcessToExit 6628+4496
2018-09-19 12:47:46 - Starting E:\Service\nginx-1.11.5\nginx.exe  -p E:\Service\nginx-1.11.5 
2018-09-19 12:47:48 - Started 6468
2018-09-19 13:11:54 - Stopping nginx
2018-09-19 13:11:54 - Started 12744
2018-09-19 13:11:54 - WaitForProcessToExit 6468+12744
2018-09-19 13:13:15 - Starting E:\Service\nginx-1.11.5\nginx.exe  -p E:\Service\nginx-1.11.5 
2018-09-19 13:13:16 - Started 6376
2018-09-19 15:28:22 - Stopping nginx
2018-09-19 15:28:22 - Started 10872
2018-09-19 15:28:22 - WaitForProcessToExit 6376+10872
2018-09-19 15:29:36 - Starting E:\Service\nginx-1.11.5\nginx.exe  -p E:\Service\nginx-1.11.5 
2018-09-19 15:29:37 - Started 6388
2018-09-20 09:02:13 - Stopping nginx
2018-09-20 09:02:16 - Started 12924
2018-09-20 09:02:16 - WaitForProcessToExit 6388+12924
2018-09-20 09:03:18 - Starting E:\Service\nginx-1.11.5\nginx.exe  -p E:\Service\nginx-1.11.5 
2018-09-20 09:03:19 - Started 6416
2018-09-20 10:22:58 - Starting E:\Service\nginx-1.11.5\nginx.exe  -p E:\Service\nginx-1.11.5 
2018-09-20 10:22:58 - Started 5112
2018-09-20 10:51:55 - Stopping nginx
2018-09-20 10:51:55 - Started 3388
2018-09-20 10:51:55 - WaitForProcessToExit 5112+3388
2018-09-20 10:55:01 - Finished nginx
