AH00558: httpd.exe: Could not reliably determine the server's fully qualified domain name, using fe80::c9b8:440f:7a4:d3f2. Set the 'ServerName' directive globally to suppress this message
[Tue Jul 17 09:13:43.368038 2018] [mpm_winnt:notice] [pid 11776:tid 464] AH00455: Apache/2.4.34 (Win64) configured -- resuming normal operations
[Tue Jul 17 09:13:43.369036 2018] [mpm_winnt:notice] [pid 11776:tid 464] AH00456: Apache Lounge VC15 Server built: Jul 11 2018 13:09:01
[Tue Jul 17 09:13:43.369036 2018] [core:notice] [pid 11776:tid 464] AH00094: Command line: 'D:\\Apache24\\bin\\httpd.exe -d D:/Apache24'
[Tue Jul 17 09:13:43.372031 2018] [mpm_winnt:notice] [pid 11776:tid 464] AH00418: Parent: Created child process 14908
AH00558: httpd.exe: Could not reliably determine the server's fully qualified domain name, using fe80::c9b8:440f:7a4:d3f2. Set the 'ServerName' directive globally to suppress this message
Apache server shutdown initiated...
ly determine the server's fully qualified domain name, using fe80::c9b8:440f:7a4:d3f2. Set the 'ServerName' directive globally to suppress this message
[Tue Jul 17 09:13:44.122759 2018] [mpm_winnt:notice] [pid 14908:tid 728] AH00354: Child: Starting 64 worker threads.
[Tue Jul 17 09:16:42.254285 2018] [mpm_winnt:notice] [pid 11776:tid 464] AH00422: Parent: Received shutdown signal -- Shutting down the server.
[Tue Jul 17 09:16:44.255675 2018] [mpm_winnt:notice] [pid 14908:tid 728] AH00364: Child: All worker threads have exited.
[Tue Jul 17 09:16:44.290490 2018] [mpm_winnt:notice] [pid 11776:tid 464] AH00430: Parent: Child process 14908 exited successfully.
AH00558: httpd.exe: Could not reliably determine the server's fully qualified domain name, using fe80::c9b8:440f:7a4:d3f2. Set the 'ServerName' directive globally to suppress this message
[Tue Jul 17 09:16:49.036948 2018] [mpm_winnt:notice] [pid 13812:tid 704] AH00455: Apache/2.4.34 (Win64) configured -- resuming normal operations
[Tue Jul 17 09:16:49.037912 2018] [mpm_winnt:notice] [pid 13812:tid 704] AH00456: Apache Lounge VC15 Server built: Jul 11 2018 13:09:01
[Tue Jul 17 09:16:49.037912 2018] [core:notice] [pid 13812:tid 704] AH00094: Command line: 'D:\\Apache24\\bin\\httpd.exe -d D:/Apache24'
[Tue Jul 17 09:16:49.039488 2018] [mpm_winnt:notice] [pid 13812:tid 704] AH00418: Parent: Created child process 11988
AH00558: httpd.exe: Could not reliably determine the server's fully qualified domain name, using fe80::c9b8:440f:7a4:d3f2. Set the 'ServerName' directive globally to suppress this message
Apache server shutdown initiated...
ly determine the server's fully qualified domain name, using fe80::c9b8:440f:7a4:d3f2. Set the 'ServerName' directive globally to suppress this message
[Tue Jul 17 09:16:49.702762 2018] [mpm_winnt:notice] [pid 11988:tid 528] AH00354: Child: Starting 64 worker threads.
[Tue Jul 17 09:18:14.558772 2018] [mpm_winnt:notice] [pid 13812:tid 704] AH00422: Parent: Received shutdown signal -- Shutting down the server.
[Tue Jul 17 09:18:16.560491 2018] [mpm_winnt:notice] [pid 11988:tid 528] AH00364: Child: All worker threads have exited.
[Tue Jul 17 09:18:16.596337 2018] [mpm_winnt:notice] [pid 13812:tid 704] AH00430: Parent: Child process 11988 exited successfully.
[Tue Jul 17 09:18:27.825550 2018] [mpm_winnt:notice] [pid 2752:tid 536] AH00455: Apache/2.4.34 (Win64) configured -- resuming normal operations
[Tue Jul 17 09:18:27.826515 2018] [mpm_winnt:notice] [pid 2752:tid 536] AH00456: Apache Lounge VC15 Server built: Jul 11 2018 13:09:01
[Tue Jul 17 09:18:27.826515 2018] [core:notice] [pid 2752:tid 536] AH00094: Command line: 'D:\\Apache24\\bin\\httpd.exe -d D:/Apache24'
[Tue Jul 17 09:18:27.827524 2018] [mpm_winnt:notice] [pid 2752:tid 536] AH00418: Parent: Created child process 9196
Apache server shutdown initiated...
pm_winnt:notice] [pid 9196:tid 560] AH00354: Child: Starting 64 worker threads.
[Tue Jul 17 09:21:19.333847 2018] [mpm_winnt:notice] [pid 2752:tid 536] AH00422: Parent: Received shutdown signal -- Shutting down the server.
[Tue Jul 17 09:21:21.336374 2018] [mpm_winnt:notice] [pid 9196:tid 560] AH00364: Child: All worker threads have exited.
[Tue Jul 17 09:21:21.360373 2018] [mpm_winnt:notice] [pid 2752:tid 536] AH00430: Parent: Child process 9196 exited successfully.
[Tue Jul 17 09:22:08.916681 2018] [mpm_winnt:notice] [pid 13580:tid 528] AH00455: Apache/2.4.34 (Win64) configured -- resuming normal operations
[Tue Jul 17 09:22:08.918674 2018] [mpm_winnt:notice] [pid 13580:tid 528] AH00456: Apache Lounge VC15 Server built: Jul 11 2018 13:09:01
[Tue Jul 17 09:22:08.918674 2018] [core:notice] [pid 13580:tid 528] AH00094: Command line: 'D:\\Apache24\\bin\\httpd.exe -d D:/Apache24'
[Tue Jul 17 09:22:08.924696 2018] [mpm_winnt:notice] [pid 13580:tid 528] AH00418: Parent: Created child process 11108
Apache server shutdown initiated...
pm_winnt:notice] [pid 11108:tid 552] AH00354: Child: Starting 64 worker threads.
[Tue Jul 17 09:56:32.837045 2018] [mpm_winnt:notice] [pid 13580:tid 528] AH00422: Parent: Received shutdown signal -- Shutting down the server.
[Tue Jul 17 09:56:34.837993 2018] [mpm_winnt:notice] [pid 11108:tid 552] AH00364: Child: All worker threads have exited.
[Tue Jul 17 09:56:34.890058 2018] [mpm_winnt:notice] [pid 13580:tid 528] AH00430: Parent: Child process 11108 exited successfully.
[Tue Jul 17 09:56:41.618693 2018] [mpm_winnt:notice] [pid 15340:tid 584] AH00455: Apache/2.4.34 (Win64) configured -- resuming normal operations
[Tue Jul 17 09:56:41.619691 2018] [mpm_winnt:notice] [pid 15340:tid 584] AH00456: Apache Lounge VC15 Server built: Jul 11 2018 13:09:01
[Tue Jul 17 09:56:41.619691 2018] [core:notice] [pid 15340:tid 584] AH00094: Command line: 'D:\\Apache24\\bin\\httpd.exe -d D:/Apache24'
[Tue Jul 17 09:56:41.622716 2018] [mpm_winnt:notice] [pid 15340:tid 584] AH00418: Parent: Created child process 7844
Apache server shutdown initiated...
pm_winnt:notice] [pid 7844:tid 540] AH00354: Child: Starting 64 worker threads.
[Tue Jul 17 10:57:49.129494 2018] [mpm_winnt:notice] [pid 15340:tid 584] AH00422: Parent: Received shutdown signal -- Shutting down the server.
[Tue Jul 17 10:57:57.283475 2018] [mpm_winnt:notice] [pid 7844:tid 540] AH00364: Child: All worker threads have exited.
[Tue Jul 17 14:39:20.609245 2018] [core:warn] [pid 2188:tid 516] AH00098: pid file D:/Apache24/logs/httpd.pid overwritten -- Unclean shutdown of previous Apache run?
[Tue Jul 17 14:39:20.622703 2018] [mpm_winnt:notice] [pid 2188:tid 516] AH00455: Apache/2.4.34 (Win64) configured -- resuming normal operations
[Tue Jul 17 14:39:20.622703 2018] [mpm_winnt:notice] [pid 2188:tid 516] AH00456: Apache Lounge VC15 Server built: Jul 11 2018 13:09:01
[Tue Jul 17 14:39:20.622703 2018] [core:notice] [pid 2188:tid 516] AH00094: Command line: 'D:\\Apache24\\bin\\httpd.exe -d D:/Apache24'
[Tue Jul 17 14:39:20.625726 2018] [mpm_winnt:notice] [pid 2188:tid 516] AH00418: Parent: Created child process 8032
[Tue Jul 17 14:39:21.263503 2018] [mpm_winnt:notice] [pid 8032:tid 572] AH00354: Child: Starting 64 worker threads.
